Determining if the pthread_create exist failed with the following output:
Change Dir: /home/csci5551/Desktop/jason_project/ros_ws/build/CMakeFiles/CMakeTmp

Run Build Command:"/usr/bin/make" "cmTC_dd87e/fast"
/usr/bin/make -f CMakeFiles/cmTC_dd87e.dir/build.make CMakeFiles/cmTC_dd87e.dir/build
make[1]: Entering directory `/home/csci5551/Desktop/jason_project/ros_ws/build/CMakeFiles/CMakeTmp'
Building C object CMakeFiles/cmTC_dd87e.dir/CheckSymbolExists.c.o
/usr/bin/cc    -o CMakeFiles/cmTC_dd87e.dir/CheckSymbolExists.c.o   -c /home/csci5551/Desktop/jason_project/ros_ws/build/CMakeFiles/CMakeTmp/CheckSymbolExists.c
Linking C executable cmTC_dd87e
/usr/local/bin/cmake -E cmake_link_script CMakeFiles/cmTC_dd87e.dir/link.txt --verbose=1
/usr/bin/cc      -rdynamic CMakeFiles/cmTC_dd87e.dir/CheckSymbolExists.c.o  -o cmTC_dd87e 
CMakeFiles/cmTC_dd87e.dir/CheckSymbolExists.c.o: In function `main':
CheckSymbolExists.c:(.text+0x16): undefined reference to `pthread_create'
collect2: error: ld returned 1 exit status
make[1]: *** [cmTC_dd87e] Error 1
make[1]: Leaving directory `/home/csci5551/Desktop/jason_project/ros_ws/build/CMakeFiles/CMakeTmp'
make: *** [cmTC_dd87e/fast] Error 2

File /home/csci5551/Desktop/jason_project/ros_ws/build/CMakeFiles/CMakeTmp/CheckSymbolExists.c:
/* */
#include <pthread.h>

int main(int argc, char** argv)
{
  (void)argv;
#ifndef pthread_create
  return ((int*)(&pthread_create))[argc];
#else
  (void)argc;
  return 0;
#endif
}

Determining if the function pthread_create exists in the pthreads failed with the following output:
Change Dir: /home/csci5551/Desktop/jason_project/ros_ws/build/CMakeFiles/CMakeTmp

Run Build Command:"/usr/bin/make" "cmTC_8e4df/fast"
/usr/bin/make -f CMakeFiles/cmTC_8e4df.dir/build.make CMakeFiles/cmTC_8e4df.dir/build
make[1]: Entering directory `/home/csci5551/Desktop/jason_project/ros_ws/build/CMakeFiles/CMakeTmp'
Building C object CMakeFiles/cmTC_8e4df.dir/CheckFunctionExists.c.o
/usr/bin/cc   -DCHECK_FUNCTION_EXISTS=pthread_create   -o CMakeFiles/cmTC_8e4df.dir/CheckFunctionExists.c.o   -c /usr/local/share/cmake-3.12/Modules/CheckFunctionExists.c
Linking C executable cmTC_8e4df
/usr/local/bin/cmake -E cmake_link_script CMakeFiles/cmTC_8e4df.dir/link.txt --verbose=1
/usr/bin/cc  -DCHECK_FUNCTION_EXISTS=pthread_create    -rdynamic CMakeFiles/cmTC_8e4df.dir/CheckFunctionExists.c.o  -o cmTC_8e4df -lpthreads 
/usr/bin/ld: cannot find -lpthreads
collect2: error: ld returned 1 exit status
make[1]: *** [cmTC_8e4df] Error 1
make[1]: Leaving directory `/home/csci5551/Desktop/jason_project/ros_ws/build/CMakeFiles/CMakeTmp'
make: *** [cmTC_8e4df/fast] Error 2


