Determining if the pthread_create exist failed with the following output:
Change Dir: /home/csci5551/Desktop/jason_project/ros_ws2/build/CMakeFiles/CMakeTmp

Run Build Command:"/usr/bin/make" "cmTC_90d05/fast"
/usr/bin/make -f CMakeFiles/cmTC_90d05.dir/build.make CMakeFiles/cmTC_90d05.dir/build
make[1]: Entering directory `/home/csci5551/Desktop/jason_project/ros_ws2/build/CMakeFiles/CMakeTmp'
Building C object CMakeFiles/cmTC_90d05.dir/CheckSymbolExists.c.o
/usr/bin/cc    -o CMakeFiles/cmTC_90d05.dir/CheckSymbolExists.c.o   -c /home/csci5551/Desktop/jason_project/ros_ws2/build/CMakeFiles/CMakeTmp/CheckSymbolExists.c
Linking C executable cmTC_90d05
/usr/local/bin/cmake -E cmake_link_script CMakeFiles/cmTC_90d05.dir/link.txt --verbose=1
/usr/bin/cc      -rdynamic CMakeFiles/cmTC_90d05.dir/CheckSymbolExists.c.o  -o cmTC_90d05 
CMakeFiles/cmTC_90d05.dir/CheckSymbolExists.c.o: In function `main':
CheckSymbolExists.c:(.text+0x16): undefined reference to `pthread_create'
collect2: error: ld returned 1 exit status
make[1]: *** [cmTC_90d05] Error 1
make[1]: Leaving directory `/home/csci5551/Desktop/jason_project/ros_ws2/build/CMakeFiles/CMakeTmp'
make: *** [cmTC_90d05/fast] Error 2

File /home/csci5551/Desktop/jason_project/ros_ws2/build/CMakeFiles/CMakeTmp/CheckSymbolExists.c:
/* */
#include <pthread.h>

int main(int argc, char** argv)
{
  (void)argv;
#ifndef pthread_create
  return ((int*)(&pthread_create))[argc];
#else
  (void)argc;
  return 0;
#endif
}

Determining if the function pthread_create exists in the pthreads failed with the following output:
Change Dir: /home/csci5551/Desktop/jason_project/ros_ws2/build/CMakeFiles/CMakeTmp

Run Build Command:"/usr/bin/make" "cmTC_5e445/fast"
/usr/bin/make -f CMakeFiles/cmTC_5e445.dir/build.make CMakeFiles/cmTC_5e445.dir/build
make[1]: Entering directory `/home/csci5551/Desktop/jason_project/ros_ws2/build/CMakeFiles/CMakeTmp'
Building C object CMakeFiles/cmTC_5e445.dir/CheckFunctionExists.c.o
/usr/bin/cc   -DCHECK_FUNCTION_EXISTS=pthread_create   -o CMakeFiles/cmTC_5e445.dir/CheckFunctionExists.c.o   -c /usr/local/share/cmake-3.12/Modules/CheckFunctionExists.c
Linking C executable cmTC_5e445
/usr/local/bin/cmake -E cmake_link_script CMakeFiles/cmTC_5e445.dir/link.txt --verbose=1
/usr/bin/cc  -DCHECK_FUNCTION_EXISTS=pthread_create    -rdynamic CMakeFiles/cmTC_5e445.dir/CheckFunctionExists.c.o  -o cmTC_5e445 -lpthreads 
/usr/bin/ld: cannot find -lpthreads
collect2: error: ld returned 1 exit status
make[1]: *** [cmTC_5e445] Error 1
make[1]: Leaving directory `/home/csci5551/Desktop/jason_project/ros_ws2/build/CMakeFiles/CMakeTmp'
make: *** [cmTC_5e445/fast] Error 2


